<?xml version="1.0" encoding="UTF-8"?>
<!-- Generated by org.testng.reporters.JUnitXMLReporter -->
<testsuite hostname="srmtech-vdi422" ignored="0" name="User_Management_Test" tests="4" failures="2" timestamp="2022-04-22T21:42:28 IST" time="18.107" errors="0">
  <testcase name="userCreationTest" time="3.22" classname="com.qa.pcs.test.UsermanagementPageTest">
    <skipped/>
  </testcase> <!-- userCreationTest -->
  <testcase name="userCreationTest" time="3.045" classname="com.qa.pcs.test.UsermanagementPageTest">
    <failure type="java.lang.AssertionError" message="User Creation is failed expected [true] but found [false]">
      <![CDATA[java.lang.AssertionError: User Creation is failed expected [true] but found [false]
at com.qa.pcs.test.UsermanagementPageTest.userCreationTest(UsermanagementPageTest.java:30)
at java.util.ArrayList.forEach(ArrayList.java:1259)
... Removed 30 stack frames]]>
    </failure>
  </testcase> <!-- userCreationTest -->
  <testcase name="userCreationTest" time="2.682" classname="com.qa.pcs.test.UsermanagementPageTest">
    <skipped/>
  </testcase> <!-- userCreationTest -->
  <testcase name="userCreationTest" time="2.771" classname="com.qa.pcs.test.UsermanagementPageTest">
    <failure type="java.lang.AssertionError" message="User Creation is failed expected [true] but found [false]">
      <![CDATA[java.lang.AssertionError: User Creation is failed expected [true] but found [false]
at com.qa.pcs.test.UsermanagementPageTest.userCreationTest(UsermanagementPageTest.java:30)
at java.util.ArrayList.forEach(ArrayList.java:1259)
... Removed 30 stack frames]]>
    </failure>
  </testcase> <!-- userCreationTest -->
</testsuite> <!-- User_Management_Test -->
