<?xml version="1.0" encoding="UTF-8"?>
<testng-results skipped="0" failed="1" ignored="0" total="2" passed="1">
  <reporter-output>
  </reporter-output>
  <suite name="Suite" duration-ms="14169" started-at="2022-04-29T12:30:06 IST" finished-at="2022-04-29T12:30:20 IST">
    <groups>
    </groups>
    <test name="Test" duration-ms="14169" started-at="2022-04-29T12:30:06 IST" finished-at="2022-04-29T12:30:20 IST">
      <class name="com.qa.pcs.test.UsermanagementPageTest">
        <test-method status="PASS" signature="doApplicationLaunch(java.lang.String)[pri:0, instance:com.qa.pcs.test.UsermanagementPageTest@6121c9d6]" name="doApplicationLaunch" is-config="true" duration-ms="4311" started-at="2022-04-29T12:30:06 IST" finished-at="2022-04-29T12:30:11 IST">
          <params>
            <param index="0">
              <value>
                <![CDATA[chrome]]>
              </value>
            </param>
          </params>
          <reporter-output>
          </reporter-output>
        </test-method> <!-- doApplicationLaunch -->
        <test-method status="PASS" signature="setUpUserManagement()[pri:0, instance:com.qa.pcs.test.UsermanagementPageTest@6121c9d6]" name="setUpUserManagement" is-config="true" duration-ms="1265" started-at="2022-04-29T12:30:11 IST" finished-at="2022-04-29T12:30:12 IST">
          <reporter-output>
          </reporter-output>
        </test-method> <!-- setUpUserManagement -->
        <test-method status="FAIL" signature="userCreationTest([Ljava.lang.String;)[pri:1, instance:com.qa.pcs.test.UsermanagementPageTest@6121c9d6]" name="userCreationTest" duration-ms="6448" started-at="2022-04-29T12:30:13 IST" data-provider="getData" finished-at="2022-04-29T12:30:19 IST">
          <params>
            <param index="0">
              <value>
                <![CDATA[[Ljava.lang.String;@28501a4b]]>
              </value>
            </param>
          </params>
          <exception class="java.lang.AssertionError">
            <message>
              <![CDATA[User Creation is failed expected [true] but found [false]]]>
            </message>
            <full-stacktrace>
              <![CDATA[java.lang.AssertionError: User Creation is failed expected [true] but found [false]
at org.testng.Assert.fail(Assert.java:99)
at org.testng.Assert.failNotEquals(Assert.java:1037)
at org.testng.Assert.assertTrue(Assert.java:45)
at com.qa.pcs.test.UsermanagementPageTest.userCreationTest(UsermanagementPageTest.java:43)
at sun.reflect.NativeMethodAccessorImpl.invoke0(Native Method)
at sun.reflect.NativeMethodAccessorImpl.invoke(NativeMethodAccessorImpl.java:62)
at sun.reflect.DelegatingMethodAccessorImpl.invoke(DelegatingMethodAccessorImpl.java:43)
at java.lang.reflect.Method.invoke(Method.java:498)
at org.testng.internal.MethodInvocationHelper.invokeMethod(MethodInvocationHelper.java:133)
at org.testng.internal.TestInvoker.invokeMethod(TestInvoker.java:598)
at org.testng.internal.TestInvoker.invokeTestMethod(TestInvoker.java:173)
at org.testng.internal.MethodRunner.runInSequence(MethodRunner.java:46)
at org.testng.internal.TestInvoker$MethodInvocationAgent.invoke(TestInvoker.java:824)
at org.testng.internal.TestInvoker.invokeTestMethods(TestInvoker.java:146)
at org.testng.internal.TestMethodWorker.invokeTestMethods(TestMethodWorker.java:146)
at org.testng.internal.TestMethodWorker.run(TestMethodWorker.java:128)
at java.util.ArrayList.forEach(ArrayList.java:1259)
at org.testng.TestRunner.privateRun(TestRunner.java:794)
at org.testng.TestRunner.run(TestRunner.java:596)
at org.testng.SuiteRunner.runTest(SuiteRunner.java:377)
at org.testng.SuiteRunner.runSequentially(SuiteRunner.java:371)
at org.testng.SuiteRunner.privateRun(SuiteRunner.java:332)
at org.testng.SuiteRunner.run(SuiteRunner.java:276)
at org.testng.SuiteRunnerWorker.runSuite(SuiteRunnerWorker.java:53)
at org.testng.SuiteRunnerWorker.run(SuiteRunnerWorker.java:96)
at org.testng.TestNG.runSuitesSequentially(TestNG.java:1212)
at org.testng.TestNG.runSuitesLocally(TestNG.java:1134)
at org.testng.TestNG.runSuites(TestNG.java:1063)
at org.testng.TestNG.run(TestNG.java:1031)
at org.testng.remote.AbstractRemoteTestNG.run(AbstractRemoteTestNG.java:115)
at org.testng.remote.RemoteTestNG.initAndRun(RemoteTestNG.java:251)
at org.testng.remote.RemoteTestNG.main(RemoteTestNG.java:77)
]]>
            </full-stacktrace>
          </exception> <!-- java.lang.AssertionError -->
          <reporter-output>
          </reporter-output>
        </test-method> <!-- userCreationTest -->
        <test-method status="PASS" signature="getScreenshot(org.testng.ITestResult)[pri:0, instance:com.qa.pcs.test.UsermanagementPageTest@6121c9d6]" name="getScreenshot" is-config="true" duration-ms="140" started-at="2022-04-29T12:30:19 IST" finished-at="2022-04-29T12:30:19 IST">
          <params>
            <param index="0">
              <value>
                <![CDATA[[TestResult name=userCreationTest status=FAILURE method=UsermanagementPageTest.userCreationTest([Ljava.lang.String;)[pri:1, instance:com.qa.pcs.test.UsermanagementPageTest@6121c9d6] output={null}]]]>
              </value>
            </param>
          </params>
          <reporter-output>
          </reporter-output>
        </test-method> <!-- getScreenshot -->
        <test-method status="PASS" signature="editUserTest([Ljava.lang.String;)[pri:2, instance:com.qa.pcs.test.UsermanagementPageTest@6121c9d6]" name="editUserTest" duration-ms="1159" started-at="2022-04-29T12:30:19 IST" data-provider="getData" finished-at="2022-04-29T12:30:20 IST">
          <params>
            <param index="0">
              <value>
                <![CDATA[[Ljava.lang.String;@341672e]]>
              </value>
            </param>
          </params>
          <reporter-output>
          </reporter-output>
        </test-method> <!-- editUserTest -->
        <test-method status="PASS" signature="getScreenshot(org.testng.ITestResult)[pri:0, instance:com.qa.pcs.test.UsermanagementPageTest@6121c9d6]" name="getScreenshot" is-config="true" duration-ms="1" started-at="2022-04-29T12:30:20 IST" finished-at="2022-04-29T12:30:20 IST">
          <params>
            <param index="0">
              <value>
                <![CDATA[[TestResult name=editUserTest status=SUCCESS method=UsermanagementPageTest.editUserTest([Ljava.lang.String;)[pri:2, instance:com.qa.pcs.test.UsermanagementPageTest@6121c9d6] output={null}]]]>
              </value>
            </param>
          </params>
          <reporter-output>
          </reporter-output>
        </test-method> <!-- getScreenshot -->
      </class> <!-- com.qa.pcs.test.UsermanagementPageTest -->
    </test> <!-- Test -->
  </suite> <!-- Suite -->
</testng-results>
